  Assembling Test.asm...
Test.asm(1): error A2008: syntax error : .
Test.asm(2): error A2008: syntax error : .
Test.asm(8): error A2008: syntax error : .
Test.asm(26): error A2008: syntax error : MessageBoxA
Test.asm(30): error A2008: syntax error : main
Test.asm(30): error A2088: END directive required at end of file
C:\Program Files\Microsoft Visual Studio\2022\Community\MSBuild\Microsoft\VC\v170\BuildCustomizations\masm.targets(70,5): error MSB3721: выход из команды "ml64.exe /c /nologo /Zi /Fo"x64\Debug\Test.obj" /W3 /errorReport:prompt  /TaTest.asm" с кодом "1".
