Сборка начата 16.05.2023 16:46:38.
Уровень детализации журнала: Normal.     1>Проект "D:\уник\кпо\лабораторные работы\лаба 9\SE_Lab9\SE_Lab9\SE_Lab9.vcxproj" в узле 2 (целевые объекты Build).
     1>InitializeBuildStatus:
         Создание "Debug\SE_Lab9.tlog\unsuccessfulbuild", так как было задано "AlwaysCreate".
       ClCompile:
         C:\Program Files (x86)\Microsoft Visual Studio\2019\Community\VC\Tools\MSVC\14.29.30133\bin\HostX86\x86\CL.exe /c /ZI /JMC /nologo /W3 /WX- /diagnostics:column /sdl /Od /Oy- /D WIN32 /D _DEBUG /D _CONSOLE /D _UNICODE /D UNICODE /Gm- /EHsc /RTC1 /MDd /GS /fp:precise /permissive- /Zc:wchar_t /Zc:forScope /Zc:inline /Fo"Debug\\" /Fd"Debug\vc142.pdb" /external:W3 /Gd /TP /analyze- /FC /errorReport:prompt SE_Lab9.cpp
         SE_Lab9.cpp
     1>D:\уник\кпо\лабораторные работы\лаба 9\SE_Lab9\SE_Lab9\SE_Lab9.cpp(8,1): error C2144: синтаксическая ошибка: перед "int" требуется ";"
     1>Сборка проекта "D:\уник\кпо\лабораторные работы\лаба 9\SE_Lab9\SE_Lab9\SE_Lab9.vcxproj" завершена (целевые объекты Build) с ошибкой.

Ошибка сборки.

       "D:\уник\кпо\лабораторные работы\лаба 9\SE_Lab9\SE_Lab9\SE_Lab9.vcxproj" (целевой объект Build ) (1) ->
       (Целевой объект ClCompile) -> 
         D:\уник\кпо\лабораторные работы\лаба 9\SE_Lab9\SE_Lab9\SE_Lab9.cpp(8,1): error C2144: синтаксическая ошибка: перед "int" требуется ";"

    Предупреждений: 0
    Ошибок: 1

Прошло времени 00:00:01.52
